{"total": {"lines":{"total":1520,"covered":1520,"skipped":0,"pct":100},"statements":{"total":1632,"covered":1632,"skipped":0,"pct":100},"functions":{"total":260,"covered":260,"skipped":0,"pct":100},"branches":{"total":720,"covered":720,"skipped":0,"pct":100},"branchesTrue":{"total":0,"covered":0,"skipped":0,"pct":100}}
,"/Users/vinayak/dev/personal/tools/geoql/macrodata/plugins/macrodata/bin/index-conversations.ts": {"lines":{"total":7,"covered":7,"skipped":0,"pct":100},"functions":{"total":2,"covered":2,"skipped":0,"pct":100},"statements":{"total":7,"covered":7,"skipped":0,"pct":100},"branches":{"total":3,"covered":3,"skipped":0,"pct":100}}
,"/Users/vinayak/dev/personal/tools/geoql/macrodata/plugins/macrodata/bin/macrodata-daemon.ts": {"lines":{"total":1,"covered":1,"skipped":0,"pct":100},"functions":{"total":1,"covered":1,"skipped":0,"pct":100},"statements":{"total":1,"covered":1,"skipped":0,"pct":100},"branches":{"total":2,"covered":2,"skipped":0,"pct":100}}
,"/Users/vinayak/dev/personal/tools/geoql/macrodata/plugins/macrodata/opencode/context.ts": {"lines":{"total":100,"covered":100,"skipped":0,"pct":100},"functions":{"total":12,"covered":12,"skipped":0,"pct":100},"statements":{"total":110,"covered":110,"skipped":0,"pct":100},"branches":{"total":62,"covered":62,"skipped":0,"pct":100}}
,"/Users/vinayak/dev/personal/tools/geoql/macrodata/plugins/macrodata/opencode/conversations.ts": {"lines":{"total":143,"covered":143,"skipped":0,"pct":100},"functions":{"total":19,"covered":19,"skipped":0,"pct":100},"statements":{"total":161,"covered":161,"skipped":0,"pct":100},"branches":{"total":67,"covered":67,"skipped":0,"pct":100}}
,"/Users/vinayak/dev/personal/tools/geoql/macrodata/plugins/macrodata/opencode/index.ts": {"lines":{"total":68,"covered":68,"skipped":0,"pct":100},"functions":{"total":10,"covered":10,"skipped":0,"pct":100},"statements":{"total":69,"covered":69,"skipped":0,"pct":100},"branches":{"total":20,"covered":20,"skipped":0,"pct":100}}
,"/Users/vinayak/dev/personal/tools/geoql/macrodata/plugins/macrodata/opencode/journal.ts": {"lines":{"total":44,"covered":44,"skipped":0,"pct":100},"functions":{"total":8,"covered":8,"skipped":0,"pct":100},"statements":{"total":47,"covered":47,"skipped":0,"pct":100},"branches":{"total":18,"covered":18,"skipped":0,"pct":100}}
,"/Users/vinayak/dev/personal/tools/geoql/macrodata/plugins/macrodata/opencode/logger.ts": {"lines":{"total":8,"covered":8,"skipped":0,"pct":100},"functions":{"total":4,"covered":4,"skipped":0,"pct":100},"statements":{"total":8,"covered":8,"skipped":0,"pct":100},"branches":{"total":0,"covered":0,"skipped":0,"pct":100}}
,"/Users/vinayak/dev/personal/tools/geoql/macrodata/plugins/macrodata/opencode/search.ts": {"lines":{"total":97,"covered":97,"skipped":0,"pct":100},"functions":{"total":12,"covered":12,"skipped":0,"pct":100},"statements":{"total":110,"covered":110,"skipped":0,"pct":100},"branches":{"total":39,"covered":39,"skipped":0,"pct":100}}
,"/Users/vinayak/dev/personal/tools/geoql/macrodata/plugins/macrodata/opencode/tools.ts": {"lines":{"total":90,"covered":90,"skipped":0,"pct":100},"functions":{"total":21,"covered":21,"skipped":0,"pct":100},"statements":{"total":92,"covered":92,"skipped":0,"pct":100},"branches":{"total":50,"covered":50,"skipped":0,"pct":100}}
,"/Users/vinayak/dev/personal/tools/geoql/macrodata/plugins/macrodata/src/config.ts": {"lines":{"total":16,"covered":16,"skipped":0,"pct":100},"functions":{"total":8,"covered":8,"skipped":0,"pct":100},"statements":{"total":17,"covered":17,"skipped":0,"pct":100},"branches":{"total":6,"covered":6,"skipped":0,"pct":100}}
,"/Users/vinayak/dev/personal/tools/geoql/macrodata/plugins/macrodata/src/conversations.ts": {"lines":{"total":244,"covered":244,"skipped":0,"pct":100},"functions":{"total":29,"covered":29,"skipped":0,"pct":100},"statements":{"total":257,"covered":257,"skipped":0,"pct":100},"branches":{"total":160,"covered":160,"skipped":0,"pct":100}}
,"/Users/vinayak/dev/personal/tools/geoql/macrodata/plugins/macrodata/src/daemon.ts": {"lines":{"total":316,"covered":316,"skipped":0,"pct":100},"functions":{"total":67,"covered":67,"skipped":0,"pct":100},"statements":{"total":330,"covered":330,"skipped":0,"pct":100},"branches":{"total":102,"covered":102,"skipped":0,"pct":100}}
,"/Users/vinayak/dev/personal/tools/geoql/macrodata/plugins/macrodata/src/detect-user.ts": {"lines":{"total":25,"covered":25,"skipped":0,"pct":100},"functions":{"total":4,"covered":4,"skipped":0,"pct":100},"statements":{"total":25,"covered":25,"skipped":0,"pct":100},"branches":{"total":10,"covered":10,"skipped":0,"pct":100}}
,"/Users/vinayak/dev/personal/tools/geoql/macrodata/plugins/macrodata/src/embeddings.ts": {"lines":{"total":83,"covered":83,"skipped":0,"pct":100},"functions":{"total":16,"covered":16,"skipped":0,"pct":100},"statements":{"total":92,"covered":92,"skipped":0,"pct":100},"branches":{"total":54,"covered":54,"skipped":0,"pct":100}}
,"/Users/vinayak/dev/personal/tools/geoql/macrodata/plugins/macrodata/src/index.ts": {"lines":{"total":153,"covered":153,"skipped":0,"pct":100},"functions":{"total":31,"covered":31,"skipped":0,"pct":100},"statements":{"total":164,"covered":164,"skipped":0,"pct":100},"branches":{"total":72,"covered":72,"skipped":0,"pct":100}}
,"/Users/vinayak/dev/personal/tools/geoql/macrodata/plugins/macrodata/src/indexer.ts": {"lines":{"total":125,"covered":125,"skipped":0,"pct":100},"functions":{"total":16,"covered":16,"skipped":0,"pct":100},"statements":{"total":142,"covered":142,"skipped":0,"pct":100},"branches":{"total":55,"covered":55,"skipped":0,"pct":100}}
}
