TN:
SF:plugins/macrodata/bin/index-conversations.ts
FN:10,main
FN:25,isRunAsMain
FNF:2
FNH:2
FNDA:2,main
FNDA:4,isRunAsMain
DA:13,2
DA:14,2
DA:15,1
DA:18,1
DA:20,1
DA:21,1
DA:26,4
LF:7
LH:7
BRDA:11,0,0,2
BRDA:26,1,0,4
BRDA:26,1,1,3
BRF:3
BRH:3
end_of_record
TN:
SF:plugins/macrodata/bin/macrodata-daemon.ts
FN:19,isRunAsMain
FNF:1
FNH:1
FNDA:4,isRunAsMain
DA:20,4
LF:1
LH:1
BRDA:20,0,0,4
BRDA:20,0,1,3
BRF:2
BRH:2
end_of_record
TN:
SF:plugins/macrodata/opencode/context.ts
FN:16,consumePendingContext
FN:36,initializeStateRoot
FN:57,readFileOrEmpty
FN:75,getRecentJournal
FN:83,(anonymous_4)
FN:118,getSchedules
FN:124,(anonymous_6)
FN:147,formatContextForPrompt
FN:185,(anonymous_8)
FN:197,(anonymous_9)
FN:234,(anonymous_10)
FN:305,(anonymous_11)
FNF:12
FNH:12
FNDA:6,consumePendingContext
FNDA:16,initializeStateRoot
FNDA:48,readFileOrEmpty
FNDA:12,getRecentJournal
FNDA:4,(anonymous_4)
FNDA:12,getSchedules
FNDA:1,(anonymous_6)
FNDA:17,formatContextForPrompt
FNDA:7,(anonymous_8)
FNDA:1,(anonymous_9)
FNDA:1,(anonymous_10)
FNDA:2,(anonymous_11)
DA:17,6
DA:18,6
DA:20,4
DA:21,4
DA:22,4
DA:23,4
DA:25,1
DA:37,16
DA:40,16
DA:50,16
DA:51,112
DA:52,88
DA:58,48
DA:59,48
DA:60,33
DA:65,15
DA:76,12
DA:77,12
DA:79,12
DA:81,4
DA:82,4
DA:83,4
DA:87,4
DA:88,4
DA:90,3
DA:91,3
DA:93,3
DA:94,8
DA:95,7
DA:96,7
DA:106,4
DA:119,12
DA:120,12
DA:122,2
DA:123,2
DA:124,2
DA:125,2
DA:126,1
DA:127,1
DA:128,1
DA:134,1
DA:136,1
DA:150,17
DA:151,17
DA:152,17
DA:153,17
DA:156,17
DA:157,5
DA:160,3
DA:162,3
DA:177,12
DA:178,12
DA:179,12
DA:180,12
DA:183,12
DA:184,17
DA:186,7
DA:187,7
DA:188,7
DA:193,17
DA:195,17
DA:197,1
DA:201,17
DA:207,17
DA:208,1
DA:211,12
DA:213,17
DA:214,9
DA:217,9
DA:225,9
DA:226,9
DA:227,9
DA:228,2
DA:229,2
DA:230,2
DA:234,1
DA:235,1
DA:243,9
DA:251,9
DA:262,9
DA:267,9
DA:268,5
DA:269,5
DA:270,4
DA:278,3
DA:280,3
DA:281,4
DA:282,3
DA:283,7
DA:285,7
DA:287,3
DA:297,3
DA:298,3
DA:299,3
DA:300,3
DA:301,2
DA:305,3
DA:306,3
DA:307,2
DA:316,12
LF:100
LH:100
BRDA:18,0,0,2
BRDA:18,0,1,4
BRDA:23,1,0,4
BRDA:23,1,1,1
BRDA:51,2,0,88
BRDA:51,2,1,24
BRDA:59,3,0,33
BRDA:59,3,1,15
BRDA:79,4,0,8
BRDA:79,4,1,4
BRDA:88,5,0,1
BRDA:88,5,1,3
BRDA:94,6,0,1
BRDA:94,6,1,7
BRDA:120,7,0,10
BRDA:120,7,1,2
BRDA:148,8,0,17
BRDA:150,9,0,17
BRDA:156,10,0,5
BRDA:156,10,1,12
BRDA:157,11,0,2
BRDA:157,11,1,3
BRDA:183,12,0,3
BRDA:183,12,1,9
BRDA:187,13,0,1
BRDA:187,13,1,6
BRDA:195,14,0,1
BRDA:195,14,1,11
BRDA:202,15,0,17
BRDA:202,15,1,1
BRDA:203,16,0,17
BRDA:203,16,1,3
BRDA:204,17,0,17
BRDA:204,17,1,3
BRDA:207,18,0,1
BRDA:207,18,1,16
BRDA:211,19,0,12
BRDA:211,19,1,10
BRDA:213,20,0,9
BRDA:213,20,1,8
BRDA:227,21,0,2
BRDA:227,21,1,7
BRDA:267,22,0,5
BRDA:267,22,1,4
BRDA:270,23,0,3
BRDA:270,23,1,1
BRDA:281,24,0,3
BRDA:281,24,1,1
BRDA:285,25,0,4
BRDA:285,25,1,3
BRDA:285,26,0,7
BRDA:285,26,1,5
BRDA:289,27,0,3
BRDA:289,27,1,1
BRDA:290,28,0,7
BRDA:290,28,1,1
BRDA:300,29,0,2
BRDA:300,29,1,1
BRDA:300,30,0,3
BRDA:300,30,1,1
BRDA:306,31,0,2
BRDA:306,31,1,1
BRF:62
BRH:62
end_of_record
TN:
SF:plugins/macrodata/opencode/conversations.ts
FN:30,resetConversationIndexForTests
FN:34,getConversationIndex
FN:75,openDb
FN:109,queryExchanges
FN:188,rowsToExchanges
FN:189,(anonymous_5)
FN:217,rebuildConversationIndex
FN:231,doRebuildConversationIndex
FN:246,(anonymous_8)
FN:308,getTimeWeight
FN:325,searchConversations
FN:345,(anonymous_11)
FN:375,(anonymous_12)
FN:378,(anonymous_13)
FN:384,getConversationIndexStats
FN:393,updateConversationIndex
FN:403,(anonymous_16)
FN:421,(anonymous_17)
FN:429,(anonymous_18)
FNF:19
FNH:19
FNDA:17,resetConversationIndexForTests
FNDA:30,getConversationIndex
FNDA:21,openDb
FNDA:21,queryExchanges
FNDA:17,rowsToExchanges
FNDA:56891,(anonymous_5)
FNDA:13,rebuildConversationIndex
FNDA:11,doRebuildConversationIndex
FNDA:28451,(anonymous_8)
FNDA:54,getTimeWeight
FNDA:11,searchConversations
FNDA:54,(anonymous_11)
FNDA:10,(anonymous_12)
FNDA:95,(anonymous_13)
FNDA:4,getConversationIndexStats
FNDA:10,updateConversationIndex
FNDA:13,(anonymous_16)
FNDA:28440,(anonymous_17)
FNDA:28431,(anonymous_18)
DA:24,8
DA:27,8
DA:31,17
DA:35,30
DA:37,13
DA:38,13
DA:40,13
DA:41,13
DA:42,1
DA:45,13
DA:47,13
DA:48,6
DA:49,6
DA:52,13
DA:76,21
DA:77,2
DA:78,2
DA:81,19
DA:82,19
DA:84,2
DA:85,2
DA:112,21
DA:113,21
DA:118,21
DA:174,21
DA:175,21
DA:180,1
DA:181,1
DA:189,17
DA:192,56891
DA:193,56891
DA:194,56891
DA:195,56891
DA:196,56891
DA:198,56891
DA:212,8
DA:218,13
DA:219,2
DA:220,2
DA:223,11
DA:224,11
DA:225,11
DA:227,10
DA:232,11
DA:233,11
DA:235,11
DA:236,11
DA:238,9
DA:239,9
DA:240,9
DA:242,9
DA:243,9
DA:246,28451
DA:247,8
DA:248,8
DA:249,7
DA:253,7
DA:254,7
DA:255,7
DA:256,6
DA:258,7
DA:263,7
DA:264,7
DA:265,7
DA:266,22
DA:267,22
DA:288,6
DA:290,1
DA:291,1
DA:294,6
DA:295,6
DA:296,6
DA:298,1
DA:299,1
DA:301,8
DA:309,54
DA:310,54
DA:312,53
DA:313,53
DA:315,53
DA:316,42
DA:317,38
DA:318,28
DA:319,24
DA:333,11
DA:335,11
DA:336,11
DA:338,11
DA:339,2
DA:342,9
DA:343,9
DA:345,9
DA:346,54
DA:348,54
DA:359,54
DA:360,54
DA:362,54
DA:363,17
DA:366,54
DA:373,9
DA:374,9
DA:375,10
DA:378,95
DA:385,4
DA:386,4
DA:387,4
DA:394,10
DA:395,10
DA:397,10
DA:398,10
DA:400,8
DA:401,8
DA:402,8
DA:403,13
DA:406,8
DA:407,8
DA:408,13
DA:409,13
DA:410,12
DA:411,12
DA:416,8
DA:417,10
DA:418,10
DA:421,28440
DA:423,10
DA:425,10
DA:426,5
DA:429,28431
DA:430,3
DA:431,3
DA:434,2
DA:435,2
DA:436,2
DA:437,2
DA:438,2
DA:452,1
DA:454,1
DA:455,1
DA:458,1
DA:459,1
DA:460,1
DA:462,1
DA:464,7
LF:143
LH:143
BRDA:24,0,0,8
BRDA:24,0,1,4
BRDA:35,1,0,17
BRDA:35,1,1,13
BRDA:41,2,0,1
BRDA:41,2,1,12
BRDA:47,3,0,6
BRDA:47,3,1,7
BRDA:76,4,0,2
BRDA:76,4,1,19
BRDA:112,5,0,8
BRDA:112,5,1,13
BRDA:113,6,0,8
BRDA:113,6,1,13
BRDA:192,7,0,47289
BRDA:192,7,1,9602
BRDA:192,8,0,56891
BRDA:192,8,1,56889
BRDA:193,9,0,56891
BRDA:193,9,1,2
BRDA:194,10,0,56891
BRDA:194,10,1,9602
BRDA:195,11,0,56889
BRDA:195,11,1,2
BRDA:196,12,0,56891
BRDA:196,12,1,2
BRDA:218,13,0,2
BRDA:218,13,1,11
BRDA:236,14,0,2
BRDA:236,14,1,9
BRDA:243,15,0,1
BRDA:243,15,1,8
BRDA:255,16,0,6
BRDA:255,16,1,1
BRDA:310,17,0,1
BRDA:310,17,1,53
BRDA:315,18,0,11
BRDA:315,18,1,42
BRDA:316,19,0,4
BRDA:316,19,1,38
BRDA:317,20,0,10
BRDA:317,20,1,28
BRDA:318,21,0,4
BRDA:318,21,1,24
BRDA:327,22,0,11
BRDA:333,23,0,11
BRDA:333,24,0,11
BRDA:338,25,0,2
BRDA:338,25,1,9
BRDA:362,26,0,17
BRDA:362,26,1,37
BRDA:362,27,0,54
BRDA:362,27,1,21
BRDA:374,28,0,1
BRDA:374,28,1,8
BRDA:374,29,0,9
BRDA:374,29,1,1
BRDA:398,30,0,2
BRDA:398,30,1,8
BRDA:409,31,0,12
BRDA:409,31,1,1
BRDA:411,32,0,11
BRDA:411,32,1,1
BRDA:416,33,0,6
BRDA:416,33,1,2
BRDA:425,34,0,5
BRDA:425,34,1,5
BRF:67
BRH:67
end_of_record
TN:
SF:plugins/macrodata/opencode/index.ts
FN:23,isProcessRunning
FN:35,signalDaemonReload
FN:56,ensureDaemonRunning
FN:102,isHeartbeatStale
FN:118,installSkills
FN:136,(anonymous_5)
FN:137,(anonymous_6)
FN:152,(anonymous_7)
FN:167,(anonymous_8)
FN:186,(anonymous_9)
FNF:10
FNH:10
FNDA:14,isProcessRunning
FNDA:14,signalDaemonReload
FNDA:14,ensureDaemonRunning
FNDA:6,isHeartbeatStale
FNDA:14,installSkills
FNDA:56,(anonymous_5)
FNDA:56,(anonymous_6)
FNDA:14,(anonymous_7)
FNDA:2,(anonymous_8)
FNDA:3,(anonymous_9)
DA:24,14
DA:25,14
DA:26,14
DA:28,2
DA:36,14
DA:37,14
DA:39,7
DA:40,7
DA:41,7
DA:42,6
DA:49,1
DA:57,14
DA:58,14
DA:59,14
DA:60,14
DA:61,14
DA:63,14
DA:64,7
DA:65,7
DA:66,7
DA:67,6
DA:68,5
DA:70,1
DA:71,1
DA:72,1
DA:83,9
DA:85,9
DA:87,9
DA:88,9
DA:89,9
DA:91,9
DA:96,9
DA:98,1
DA:103,6
DA:104,1
DA:106,5
DA:107,5
DA:108,5
DA:110,1
DA:119,14
DA:121,14
DA:130,14
DA:131,1
DA:135,14
DA:136,56
DA:137,56
DA:139,14
DA:140,56
DA:141,56
DA:144,56
DA:145,56
DA:152,1
DA:154,14
DA:157,14
DA:160,14
DA:163,14
DA:165,14
DA:168,2
DA:169,2
DA:170,2
DA:171,1
DA:174,2
DA:181,1
DA:187,3
DA:188,3
DA:190,3
DA:191,2
DA:194,1
LF:68
LH:68
BRDA:37,0,0,7
BRDA:37,0,1,7
BRDA:41,1,0,6
BRDA:41,1,1,1
BRDA:63,2,0,7
BRDA:63,2,1,7
BRDA:66,3,0,6
BRDA:66,3,1,1
BRDA:67,4,0,5
BRDA:67,4,1,1
BRDA:103,5,0,1
BRDA:103,5,1,5
BRDA:108,6,0,5
BRDA:108,6,1,3
BRDA:130,7,0,1
BRDA:130,7,1,13
BRDA:170,8,0,1
BRDA:170,8,1,1
BRDA:190,9,0,2
BRDA:190,9,1,1
BRF:20
BRH:20
end_of_record
TN:
SF:plugins/macrodata/opencode/journal.ts
FN:23,ensureDirectories
FN:41,getTodayJournalPath
FN:50,logJournal
FN:78,getRecentJournal
FN:87,(anonymous_4)
FN:112,(anonymous_5)
FN:121,getRecentSummaries
FN:128,saveConversationSummary
FNF:8
FNH:8
FNDA:11,ensureDirectories
FNDA:11,getTodayJournalPath
FNDA:11,logJournal
FNDA:10,getRecentJournal
FNDA:16,(anonymous_4)
FNDA:7,(anonymous_5)
FNDA:4,getRecentSummaries
FNDA:4,saveConversationSummary
DA:24,11
DA:25,11
DA:34,11
DA:35,66
DA:36,55
DA:42,11
DA:43,11
DA:44,11
DA:55,11
DA:57,11
DA:64,11
DA:65,11
DA:68,11
DA:69,11
DA:71,1
DA:79,10
DA:80,10
DA:81,10
DA:83,10
DA:85,9
DA:86,9
DA:87,16
DA:91,9
DA:92,15
DA:94,14
DA:95,14
DA:97,14
DA:98,20
DA:99,20
DA:100,20
DA:111,9
DA:112,7
DA:115,9
DA:122,4
DA:135,4
DA:137,4
DA:138,2
DA:140,4
DA:141,1
DA:143,4
DA:144,1
DA:146,4
DA:147,1
DA:150,4
LF:44
LH:44
BRDA:35,0,0,55
BRDA:35,0,1,11
BRDA:61,1,0,11
BRDA:61,1,1,2
BRDA:83,2,0,1
BRDA:83,2,1,9
BRDA:92,3,0,1
BRDA:92,3,1,14
BRDA:111,4,0,5
BRDA:111,4,1,4
BRDA:137,5,0,2
BRDA:137,5,1,2
BRDA:140,6,0,1
BRDA:140,6,1,3
BRDA:143,7,0,1
BRDA:143,7,1,3
BRDA:146,8,0,1
BRDA:146,8,1,3
BRF:18
BRH:18
end_of_record
TN:
SF:plugins/macrodata/opencode/logger.ts
FN:15,formatMessage
FN:21,log
FN:25,error
FN:29,warn
FNF:4
FNH:4
FNDA:141,formatMessage
FNDA:130,log
FNDA:9,error
FNDA:2,warn
DA:10,12
DA:13,12
DA:16,141
DA:17,141
DA:20,12
DA:22,130
DA:26,9
DA:30,2
LF:8
LH:8
BRF:0
BRH:0
end_of_record
TN:
SF:plugins/macrodata/opencode/search.ts
FN:19,resetMemoryIndexForTests
FN:23,getMemoryIndex
FN:58,searchMemory
FN:80,(anonymous_3)
FN:88,(anonymous_4)
FN:104,rebuildMemoryIndex
FN:123,(anonymous_6)
FN:157,(anonymous_7)
FN:201,(anonymous_8)
FN:224,(anonymous_9)
FN:261,getMemoryIndexStats
FN:270,indexJournalEntry
FNF:12
FNH:12
FNDA:39,resetMemoryIndexForTests
FNDA:41,getMemoryIndex
FNDA:7,searchMemory
FNDA:15,(anonymous_3)
FNDA:8,(anonymous_4)
FNDA:12,rebuildMemoryIndex
FNDA:9,(anonymous_6)
FNDA:5,(anonymous_7)
FNDA:3,(anonymous_8)
FNDA:18,(anonymous_9)
FNDA:9,getMemoryIndexStats
FNDA:14,indexJournalEntry
DA:16,5
DA:20,39
DA:24,41
DA:26,26
DA:27,26
DA:29,26
DA:30,26
DA:31,1
DA:34,26
DA:36,26
DA:37,23
DA:38,23
DA:41,25
DA:66,7
DA:68,7
DA:69,7
DA:71,7
DA:72,2
DA:75,5
DA:76,5
DA:78,5
DA:79,5
DA:80,4
DA:81,15
DA:82,15
DA:83,8
DA:84,7
DA:88,5
DA:89,8
DA:90,8
DA:105,12
DA:106,12
DA:107,12
DA:118,12
DA:121,12
DA:122,12
DA:123,11
DA:124,11
DA:125,9
DA:126,9
DA:127,9
DA:128,9
DA:129,10
DA:130,10
DA:131,10
DA:149,12
DA:150,12
DA:154,24
DA:155,24
DA:157,20
DA:158,20
DA:159,5
DA:160,5
DA:161,5
DA:164,5
DA:166,5
DA:167,2
DA:176,5
DA:177,6
DA:178,6
DA:179,6
DA:180,6
DA:182,6
DA:183,4
DA:199,12
DA:200,12
DA:201,8
DA:202,8
DA:203,3
DA:204,3
DA:205,3
DA:206,3
DA:218,12
DA:219,1
DA:223,11
DA:224,18
DA:227,11
DA:228,11
DA:229,11
DA:230,11
DA:231,18
DA:232,18
DA:237,18
DA:238,18
DA:240,18
DA:246,10
DA:248,1
DA:249,1
DA:252,10
DA:253,10
DA:255,10
DA:262,9
DA:263,9
DA:264,9
DA:275,14
DA:276,13
DA:278,13
LF:97
LH:97
BRDA:24,0,0,15
BRDA:24,0,1,26
BRDA:30,1,0,1
BRDA:30,1,1,25
BRDA:36,2,0,23
BRDA:36,2,1,3
BRDA:60,3,0,7
BRDA:66,4,0,7
BRDA:71,5,0,2
BRDA:71,5,1,5
BRDA:79,6,0,4
BRDA:79,6,1,1
BRDA:79,7,0,5
BRDA:79,7,1,2
BRDA:82,8,0,7
BRDA:82,8,1,8
BRDA:82,9,0,15
BRDA:82,9,1,12
BRDA:83,10,0,1
BRDA:83,10,1,7
BRDA:83,11,0,8
BRDA:83,11,1,3
BRDA:83,11,2,2
BRDA:122,12,0,11
BRDA:122,12,1,1
BRDA:155,13,0,4
BRDA:155,13,1,20
BRDA:166,14,0,2
BRDA:166,14,1,3
BRDA:182,15,0,4
BRDA:182,15,1,2
BRDA:200,16,0,8
BRDA:200,16,1,4
BRDA:218,17,0,1
BRDA:218,17,1,11
BRDA:237,18,0,6
BRDA:237,18,1,12
BRDA:238,19,0,9
BRDA:238,19,1,9
BRF:39
BRH:39
end_of_record
TN:
SF:plugins/macrodata/opencode/tools.ts
FN:40,loadAllSchedules
FN:47,(anonymous_1)
FN:63,saveSchedule
FN:72,deleteScheduleFile
FN:96,execute
FN:115,execute_2
FN:132,execute_3
FN:154,execute_4
FN:170,execute_5
FN:192,(anonymous_9)
FN:210,execute_6
FN:232,(anonymous_11)
FN:249,execute_7
FN:256,(anonymous_13)
FN:257,(anonymous_14)
FN:272,execute_8
FN:295,execute_9
FN:329,execute_10
FN:359,execute_11
FN:376,execute_12
FN:389,execute_13
FNF:21
FNH:21
FNDA:2,loadAllSchedules
FNDA:2,(anonymous_1)
FNDA:6,saveSchedule
FNDA:2,deleteScheduleFile
FNDA:6,execute
FNDA:2,execute_2
FNDA:3,execute_3
FNDA:2,execute_4
FNDA:3,execute_5
FNDA:2,(anonymous_9)
FNDA:3,execute_6
FNDA:1,(anonymous_11)
FNDA:4,execute_7
FNDA:1,(anonymous_13)
FNDA:1,(anonymous_14)
FNDA:1,execute_8
FNDA:5,execute_9
FNDA:3,execute_10
FNDA:3,execute_11
FNDA:2,execute_12
FNDA:2,execute_13
DA:41,2
DA:42,2
DA:44,2
DA:45,2
DA:47,2
DA:48,1
DA:49,2
DA:50,2
DA:51,2
DA:60,1
DA:64,6
DA:65,6
DA:66,4
DA:68,6
DA:69,6
DA:73,2
DA:74,2
DA:76,2
DA:77,2
DA:78,1
DA:79,1
DA:84,1
DA:89,3
DA:97,6
DA:98,2
DA:101,4
DA:106,4
DA:110,3
DA:116,2
DA:117,2
DA:123,3
DA:133,3
DA:134,1
DA:137,2
DA:145,2
DA:149,3
DA:155,2
DA:156,2
DA:162,3
DA:171,3
DA:172,1
DA:175,2
DA:181,2
DA:182,1
DA:189,1
DA:192,2
DA:203,3
DA:211,3
DA:212,1
DA:215,2
DA:221,2
DA:222,1
DA:229,1
DA:232,1
DA:246,3
DA:251,4
DA:252,4
DA:255,4
DA:256,1
DA:257,1
DA:259,4
DA:269,3
DA:273,1
DA:274,1
DA:276,1
DA:286,3
DA:296,5
DA:297,1
DA:300,4
DA:311,4
DA:313,4
DA:320,3
DA:330,3
DA:331,1
DA:334,2
DA:345,2
DA:347,2
DA:354,3
DA:360,3
DA:361,1
DA:364,2
DA:366,2
DA:373,3
DA:377,2
DA:378,2
DA:384,3
DA:390,2
DA:391,1
DA:395,1
DA:404,3
LF:90
LH:90
BRDA:45,0,0,1
BRDA:45,0,1,1
BRDA:65,1,0,4
BRDA:65,1,1,2
BRDA:77,2,0,1
BRDA:77,2,1,1
BRDA:97,3,0,2
BRDA:97,3,1,4
BRDA:97,4,0,6
BRDA:97,4,1,5
BRDA:116,5,0,2
BRDA:116,5,1,1
BRDA:133,6,0,1
BRDA:133,6,1,2
BRDA:155,7,0,2
BRDA:155,7,1,1
BRDA:171,8,0,1
BRDA:171,8,1,2
BRDA:176,9,0,2
BRDA:176,9,1,1
BRDA:181,10,0,1
BRDA:181,10,1,1
BRDA:211,11,0,1
BRDA:211,11,1,2
BRDA:217,12,0,2
BRDA:217,12,1,2
BRDA:221,13,0,1
BRDA:221,13,1,1
BRDA:296,14,0,1
BRDA:296,14,1,4
BRDA:296,15,0,5
BRDA:296,15,1,5
BRDA:296,15,2,4
BRDA:296,15,3,4
BRDA:315,16,0,1
BRDA:315,16,1,3
BRDA:330,17,0,1
BRDA:330,17,1,2
BRDA:330,18,0,3
BRDA:330,18,1,3
BRDA:330,18,2,2
BRDA:330,18,3,2
BRDA:349,19,0,1
BRDA:349,19,1,1
BRDA:360,20,0,1
BRDA:360,20,1,2
BRDA:368,21,0,1
BRDA:368,21,1,1
BRDA:390,22,0,1
BRDA:390,22,1,1
BRF:50
BRH:50
end_of_record
TN:
SF:plugins/macrodata/src/config.ts
FN:20,getStateRoot
FN:40,getStateDir
FN:44,getEntitiesDir
FN:48,getJournalDir
FN:52,getSignalsDir
FN:56,getIndexDir
FN:60,getTopicsDir
FN:64,getRemindersDir
FNF:8
FNH:8
FNDA:1244,getStateRoot
FNDA:9,getStateDir
FNDA:88,getEntitiesDir
FNDA:74,getJournalDir
FNDA:1,getSignalsDir
FNDA:232,getIndexDir
FNDA:1,getTopicsDir
FNDA:130,getRemindersDir
DA:12,22
DA:22,1244
DA:23,1240
DA:27,4
DA:28,4
DA:29,3
DA:30,3
DA:31,3
DA:37,3
DA:41,9
DA:45,88
DA:49,74
DA:53,1
DA:57,232
DA:61,1
DA:65,130
LF:16
LH:16
BRDA:22,0,0,1240
BRDA:22,0,1,4
BRDA:28,1,0,3
BRDA:28,1,1,1
BRDA:31,2,0,1
BRDA:31,2,1,2
BRF:6
BRH:6
end_of_record
TN:
SF:plugins/macrodata/src/conversations.ts
FN:26,getIndexStatePath
FN:30,loadIndexState
FN:42,saveIndexState
FN:93,getConversationIndex
FN:125,decodeProjectPath
FN:132,getProjectName
FN:139,extractAssistantText
FN:156,isToolResult
FN:159,(anonymous_8)
FN:170,isNoiseContent
FN:204,extractUserText
FN:245,parseConversationFile
FN:312,scanConversationFiles
FN:344,rebuildConversationIndex
FN:356,(anonymous_14)
FN:368,(anonymous_15)
FN:415,updateConversationIndex
FN:451,(anonymous_17)
FN:485,(anonymous_18)
FN:511,getTimeWeight
FN:525,searchConversations
FN:549,(anonymous_21)
FN:586,(anonymous_22)
FN:591,(anonymous_23)
FN:598,expandConversation
FN:671,(anonymous_25)
FN:676,(anonymous_26)
FN:687,(anonymous_27)
FN:696,getConversationIndexStats
FNF:29
FNH:29
FNDA:54,getIndexStatePath
FNDA:14,loadIndexState
FNDA:40,saveIndexState
FNDA:53,getConversationIndex
FNDA:60,decodeProjectPath
FNDA:40,getProjectName
FNDA:36,extractAssistantText
FNDA:50,isToolResult
FNDA:5,(anonymous_8)
FNDA:45,isNoiseContent
FNDA:47,extractUserText
FNDA:33,parseConversationFile
FNDA:42,scanConversationFiles
FNDA:28,rebuildConversationIndex
FNDA:22,(anonymous_14)
FNDA:22,(anonymous_15)
FNDA:14,updateConversationIndex
FNDA:6,(anonymous_17)
FNDA:5,(anonymous_18)
FNDA:15,getTimeWeight
FNDA:14,searchConversations
FNDA:15,(anonymous_21)
FNDA:2,(anonymous_22)
FNDA:2,(anonymous_23)
FNDA:9,expandConversation
FNDA:11,(anonymous_25)
FNDA:5,(anonymous_26)
FNDA:9,(anonymous_27)
FNDA:4,getConversationIndexStats
DA:27,54
DA:31,14
DA:32,14
DA:33,11
DA:34,11
DA:36,1
DA:39,4
DA:43,40
DA:44,40
DA:45,40
DA:46,1
DA:48,40
DA:52,5
DA:53,5
DA:90,5
DA:91,5
DA:94,53
DA:95,53
DA:98,53
DA:99,29
DA:100,29
DA:103,53
DA:105,33
DA:106,1
DA:107,1
DA:110,33
DA:111,33
DA:113,33
DA:114,28
DA:115,28
DA:118,33
DA:126,60
DA:133,40
DA:140,36
DA:141,1
DA:144,35
DA:145,35
DA:146,32
DA:150,3
DA:157,50
DA:159,5
DA:160,5
DA:164,45
DA:172,45
DA:173,1
DA:177,44
DA:180,2
DA:184,42
DA:190,3
DA:194,39
DA:195,3
DA:198,36
DA:205,47
DA:207,47
DA:208,45
DA:211,2
DA:212,2
DA:219,2
DA:220,1
DA:221,1
DA:226,47
DA:230,46
DA:231,2
DA:232,2
DA:233,1
DA:236,1
DA:239,44
DA:246,33
DA:247,33
DA:249,33
DA:250,33
DA:251,33
DA:253,33
DA:254,33
DA:256,33
DA:257,72
DA:258,72
DA:260,72
DA:262,39
DA:263,2
DA:267,37
DA:270,37
DA:271,9
DA:274,28
DA:275,32
DA:278,28
DA:279,28
DA:292,28
DA:295,1
DA:299,32
DA:300,1
DA:303,1
DA:306,33
DA:313,42
DA:314,2
DA:317,40
DA:319,40
DA:320,61
DA:322,60
DA:323,60
DA:325,60
DA:327,59
DA:329,59
DA:331,61
DA:333,39
DA:334,39
DA:336,39
DA:345,28
DA:346,28
DA:348,28
DA:349,28
DA:351,28
DA:352,26
DA:353,26
DA:354,26
DA:356,22
DA:360,28
DA:362,28
DA:363,7
DA:364,7
DA:368,21
DA:369,22
DA:372,21
DA:373,21
DA:375,21
DA:378,21
DA:379,21
DA:380,21
DA:381,22
DA:382,22
DA:398,20
DA:400,1
DA:401,1
DA:404,20
DA:406,20
DA:407,20
DA:409,20
DA:416,14
DA:417,14
DA:419,14
DA:420,14
DA:431,14
DA:432,14
DA:433,14
DA:434,14
DA:436,14
DA:437,13
DA:438,13
DA:441,13
DA:442,6
DA:443,6
DA:444,6
DA:448,7
DA:450,7
DA:451,6
DA:452,6
DA:454,6
DA:456,6
DA:457,6
DA:458,6
DA:459,6
DA:460,6
DA:476,5
DA:478,1
DA:479,1
DA:483,6
DA:485,5
DA:487,6
DA:488,6
DA:492,13
DA:493,13
DA:494,1
DA:498,13
DA:499,13
DA:501,13
DA:502,13
DA:504,13
DA:512,15
DA:513,15
DA:515,15
DA:516,4
DA:517,3
DA:518,2
DA:519,1
DA:533,14
DA:535,14
DA:536,14
DA:538,14
DA:539,2
DA:540,2
DA:543,12
DA:546,12
DA:549,12
DA:550,15
DA:552,15
DA:566,15
DA:569,15
DA:572,15
DA:573,2
DA:576,15
DA:584,12
DA:585,12
DA:586,2
DA:590,12
DA:591,2
DA:607,9
DA:608,2
DA:611,7
DA:612,7
DA:614,7
DA:615,7
DA:617,7
DA:620,7
DA:621,21
DA:622,21
DA:624,21
DA:626,11
DA:627,1
DA:630,10
DA:633,10
DA:634,2
DA:637,8
DA:644,8
DA:645,7
DA:647,8
DA:648,2
DA:650,9
DA:651,8
DA:652,8
DA:653,6
DA:662,1
DA:666,7
DA:667,1
DA:671,11
DA:673,7
DA:675,3
DA:676,5
DA:683,4
DA:684,4
DA:686,4
DA:687,9
DA:697,4
DA:698,4
DA:699,4
LF:244
LH:244
BRDA:32,0,0,11
BRDA:32,0,1,3
BRDA:45,1,0,1
BRDA:45,1,1,39
BRDA:98,2,0,29
BRDA:98,2,1,24
BRDA:98,3,0,53
BRDA:98,3,1,49
BRDA:103,4,0,20
BRDA:103,4,1,33
BRDA:105,5,0,1
BRDA:105,5,1,32
BRDA:113,6,0,28
BRDA:113,6,1,5
BRDA:140,7,0,1
BRDA:140,7,1,35
BRDA:145,8,0,32
BRDA:145,8,1,3
BRDA:145,9,0,35
BRDA:145,9,1,32
BRDA:157,10,0,5
BRDA:157,10,1,45
BRDA:160,11,0,5
BRDA:160,11,1,3
BRDA:172,12,0,1
BRDA:172,12,1,44
BRDA:177,13,0,2
BRDA:177,13,1,42
BRDA:177,14,0,44
BRDA:177,14,1,43
BRDA:177,14,2,43
BRDA:184,15,0,3
BRDA:184,15,1,39
BRDA:184,16,0,42
BRDA:184,16,1,42
BRDA:184,16,2,42
BRDA:184,16,3,42
BRDA:184,16,4,39
BRDA:184,16,5,39
BRDA:194,17,0,3
BRDA:194,17,1,36
BRDA:207,18,0,45
BRDA:207,18,1,2
BRDA:219,19,0,1
BRDA:219,19,1,1
BRDA:219,20,0,2
BRDA:219,20,1,1
BRDA:226,21,0,1
BRDA:226,21,1,46
BRDA:230,22,0,2
BRDA:230,22,1,44
BRDA:230,23,0,46
BRDA:230,23,1,44
BRDA:232,24,0,1
BRDA:232,24,1,1
BRDA:260,25,0,39
BRDA:260,25,1,32
BRDA:260,26,0,72
BRDA:260,26,1,39
BRDA:262,27,0,2
BRDA:262,27,1,37
BRDA:270,28,0,9
BRDA:270,28,1,28
BRDA:270,29,0,37
BRDA:270,29,1,36
BRDA:275,30,0,28
BRDA:275,30,1,4
BRDA:275,31,0,32
BRDA:275,31,1,32
BRDA:275,31,2,28
BRDA:286,32,0,28
BRDA:286,32,1,1
BRDA:287,33,0,28
BRDA:287,33,1,1
BRDA:289,34,0,28
BRDA:289,34,1,1
BRDA:299,35,0,1
BRDA:299,35,1,31
BRDA:313,36,0,2
BRDA:313,36,1,40
BRDA:320,37,0,1
BRDA:320,37,1,60
BRDA:325,38,0,1
BRDA:325,38,1,59
BRDA:331,39,0,22
BRDA:331,39,1,39
BRDA:331,40,0,61
BRDA:331,40,1,40
BRDA:362,41,0,7
BRDA:362,41,1,21
BRDA:369,42,0,1
BRDA:369,42,1,21
BRDA:390,43,0,22
BRDA:390,43,1,21
BRDA:441,44,0,6
BRDA:441,44,1,7
BRDA:441,45,0,13
BRDA:441,45,1,8
BRDA:450,46,0,6
BRDA:450,46,1,1
BRDA:452,47,0,1
BRDA:452,47,1,5
BRDA:468,48,0,6
BRDA:468,48,1,5
BRDA:493,49,0,1
BRDA:493,49,1,12
BRDA:515,50,0,11
BRDA:515,50,1,4
BRDA:516,51,0,1
BRDA:516,51,1,3
BRDA:517,52,0,1
BRDA:517,52,1,2
BRDA:518,53,0,1
BRDA:518,53,1,1
BRDA:527,54,0,14
BRDA:533,55,0,14
BRDA:533,56,0,14
BRDA:538,57,0,2
BRDA:538,57,1,12
BRDA:558,58,0,15
BRDA:558,58,1,12
BRDA:572,59,0,2
BRDA:572,59,1,13
BRDA:572,60,0,15
BRDA:572,60,1,4
BRDA:585,61,0,1
BRDA:585,61,1,11
BRDA:585,62,0,12
BRDA:585,62,1,1
BRDA:601,63,0,9
BRDA:607,64,0,2
BRDA:607,64,1,7
BRDA:624,65,0,11
BRDA:624,65,1,9
BRDA:624,66,0,21
BRDA:624,66,1,11
BRDA:626,67,0,1
BRDA:626,67,1,10
BRDA:633,68,0,2
BRDA:633,68,1,8
BRDA:633,69,0,10
BRDA:633,69,1,9
BRDA:644,70,0,7
BRDA:644,70,1,1
BRDA:644,71,0,8
BRDA:644,71,1,7
BRDA:647,72,0,2
BRDA:647,72,1,6
BRDA:647,73,0,8
BRDA:647,73,1,7
BRDA:650,74,0,8
BRDA:650,74,1,1
BRDA:650,75,0,9
BRDA:650,75,1,8
BRDA:652,76,0,6
BRDA:652,76,1,2
BRDA:666,77,0,1
BRDA:666,77,1,6
BRDA:673,78,0,3
BRDA:673,78,1,4
BRF:160
BRH:160
end_of_record
TN:
SF:plugins/macrodata/src/daemon.ts
FN:35,loadIndexer
FN:39,loadConversationIndexers
FN:53,findExecutable
FN:64,getDaemonDir
FN:68,getPidFile
FN:72,getLogFile
FN:76,getPendingContext
FN:80,getHeartbeatFile
FN:90,getChildTimeoutMs
FN:107,log
FN:113,logError
FN:119,writePendingContext
FN:130,triggerAgent
FN:187,spawnSupervisedChild
FN:197,(anonymous_14)
FN:213,(anonymous_15)
FN:216,(anonymous_16)
FN:219,(anonymous_17)
FN:223,(anonymous_18)
FN:231,ensureDirectories
FN:251,updateAllConversationIndexes
FN:280,loadAllSchedules
FN:287,(anonymous_22)
FN:304,saveSchedule
FN:315,deleteScheduleFile
FN:335,defaultBackgroundIndexing
FN:356,constructor
FN:361,start
FN:384,(anonymous_28)
FN:385,(anonymous_29)
FN:386,(anonymous_30)
FN:390,(anonymous_31)
FN:393,(anonymous_32)
FN:398,(anonymous_33)
FN:416,startHeartbeat
FN:417,(anonymous_35)
FN:428,watchRemindersDir
FN:437,(anonymous_37)
FN:451,(anonymous_38)
FN:455,(anonymous_39)
FN:469,(anonymous_40)
FN:472,onReminderUnlinked
FN:483,scheduleFor
FN:498,stopJob
FN:506,reloadSchedules
FN:524,loadAndStartSchedules
FN:530,startCronJob
FN:532,(anonymous_47)
FN:542,startOnceJob
FN:545,(anonymous_49)
FN:557,fireSchedule
FN:575,addSchedule
FN:587,removeSchedule
FN:593,startFileWatcher
FN:604,(anonymous_54)
FN:609,onWatchedFileEvent
FN:627,injectStateFileDelta
FN:647,queueReindex
FN:654,(anonymous_58)
FN:659,processReindexQueue
FN:677,reload
FN:708,shutdown
FN:750,running
FN:755,jobCount
FN:760,remindersWatcher
FN:768,runDaemon
FN:770,(anonymous_66)
FNF:67
FNH:67
FNDA:4,loadIndexer
FNDA:2,loadConversationIndexers
FNDA:8,findExecutable
FNDA:459,getDaemonDir
FNDA:63,getPidFile
FNDA:351,getLogFile
FNDA:17,getPendingContext
FNDA:21,getHeartbeatFile
FNDA:18,getChildTimeoutMs
FNDA:226,log
FNDA:20,logError
FNDA:10,writePendingContext
FNDA:10,triggerAgent
FNDA:14,spawnSupervisedChild
FNDA:4,(anonymous_14)
FNDA:1,(anonymous_15)
FNDA:1,(anonymous_16)
FNDA:1,(anonymous_17)
FNDA:1,(anonymous_18)
FNDA:23,ensureDirectories
FNDA:4,updateAllConversationIndexes
FNDA:37,loadAllSchedules
FNDA:22,(anonymous_22)
FNDA:7,saveSchedule
FNDA:7,deleteScheduleFile
FNDA:2,defaultBackgroundIndexing
FNDA:39,constructor
FNDA:18,start
FNDA:1,(anonymous_28)
FNDA:1,(anonymous_29)
FNDA:1,(anonymous_30)
FNDA:1,(anonymous_31)
FNDA:2,(anonymous_32)
FNDA:1,(anonymous_33)
FNDA:18,startHeartbeat
FNDA:18,(anonymous_35)
FNDA:22,watchRemindersDir
FNDA:4,(anonymous_37)
FNDA:1,(anonymous_38)
FNDA:3,(anonymous_39)
FNDA:5,(anonymous_40)
FNDA:5,onReminderUnlinked
FNDA:13,scheduleFor
FNDA:7,stopJob
FNDA:9,reloadSchedules
FNDA:25,loadAndStartSchedules
FNDA:11,startCronJob
FNDA:1,(anonymous_47)
FNDA:4,startOnceJob
FNDA:1,(anonymous_49)
FNDA:5,fireSchedule
FNDA:5,addSchedule
FNDA:4,removeSchedule
FNDA:22,startFileWatcher
FNDA:5,(anonymous_54)
FNDA:8,onWatchedFileEvent
FNDA:2,injectStateFileDelta
FNDA:5,queueReindex
FNDA:4,(anonymous_58)
FNDA:7,processReindexQueue
FNDA:4,reload
FNDA:34,shutdown
FNDA:2,running
FNDA:16,jobCount
FNDA:4,remindersWatcher
FNDA:2,runDaemon
FNDA:1,(anonymous_66)
DA:36,4
DA:40,2
DA:44,2
DA:54,8
DA:55,8
DA:56,8
DA:58,2
DA:65,459
DA:69,63
DA:73,351
DA:77,17
DA:81,21
DA:84,2
DA:91,18
DA:92,18
DA:93,18
DA:108,226
DA:109,226
DA:110,226
DA:114,20
DA:115,20
DA:116,20
DA:120,10
DA:121,10
DA:123,1
DA:135,10
DA:136,2
DA:137,2
DA:140,8
DA:141,8
DA:148,10
DA:149,10
DA:151,5
DA:152,5
DA:153,1
DA:157,5
DA:158,5
DA:160,5
DA:162,5
DA:164,5
DA:167,3
DA:169,3
DA:171,3
DA:173,3
DA:176,2
DA:179,2
DA:188,14
DA:189,14
DA:195,14
DA:197,14
DA:198,4
DA:199,4
DA:200,3
DA:201,3
DA:203,2
DA:204,2
DA:211,14
DA:213,14
DA:214,1
DA:216,14
DA:217,1
DA:219,14
DA:220,1
DA:221,1
DA:223,14
DA:224,1
DA:225,1
DA:228,14
DA:232,23
DA:233,23
DA:243,23
DA:244,184
DA:245,4
DA:246,4
DA:257,4
DA:260,4
DA:261,4
DA:262,3
DA:263,1
DA:266,1
DA:270,4
DA:271,4
DA:272,2
DA:273,1
DA:276,1
DA:281,37
DA:282,37
DA:284,37
DA:285,37
DA:287,36
DA:288,36
DA:289,20
DA:290,20
DA:291,20
DA:292,20
DA:294,3
DA:298,1
DA:301,36
DA:305,7
DA:306,7
DA:308,7
DA:309,7
DA:311,1
DA:316,7
DA:317,7
DA:319,7
DA:320,7
DA:321,6
DA:324,1
DA:339,2
DA:340,2
DA:341,2
DA:342,2
DA:343,2
DA:344,2
DA:348,39
DA:349,39
DA:350,39
DA:351,39
DA:352,39
DA:357,39
DA:358,39
DA:362,18
DA:363,18
DA:366,18
DA:367,18
DA:368,18
DA:369,2
DA:370,2
DA:371,2
DA:372,2
DA:373,2
DA:376,1
DA:381,18
DA:384,18
DA:385,18
DA:386,18
DA:390,18
DA:391,1
DA:393,18
DA:394,2
DA:398,18
DA:401,18
DA:404,18
DA:407,18
DA:410,18
DA:413,18
DA:417,18
DA:418,18
DA:419,18
DA:421,1
DA:424,18
DA:425,18
DA:429,22
DA:430,22
DA:432,22
DA:437,22
DA:438,4
DA:439,2
DA:440,2
DA:441,2
DA:442,2
DA:443,2
DA:451,22
DA:452,1
DA:455,22
DA:456,3
DA:457,2
DA:458,2
DA:459,2
DA:460,2
DA:461,2
DA:469,22
DA:473,5
DA:474,3
DA:475,3
DA:476,3
DA:477,3
DA:478,2
DA:479,2
DA:484,13
DA:485,8
DA:486,8
DA:488,5
DA:489,4
DA:490,2
DA:492,2
DA:493,2
DA:499,7
DA:500,7
DA:501,5
DA:502,5
DA:507,9
DA:508,9
DA:510,9
DA:511,7
DA:512,3
DA:513,3
DA:515,4
DA:518,9
DA:519,1
DA:520,1
DA:525,25
DA:526,9
DA:531,11
DA:532,11
DA:533,1
DA:535,11
DA:536,11
DA:538,1
DA:543,4
DA:544,4
DA:545,4
DA:546,1
DA:548,1
DA:550,4
DA:551,4
DA:553,1
DA:558,5
DA:561,5
DA:566,5
DA:567,3
DA:568,2
DA:569,1
DA:571,1
DA:577,5
DA:580,5
DA:581,3
DA:583,2
DA:588,4
DA:589,4
DA:590,4
DA:594,22
DA:595,22
DA:596,22
DA:599,22
DA:604,22
DA:606,22
DA:610,8
DA:611,6
DA:613,4
DA:615,4
DA:616,4
DA:618,4
DA:619,2
DA:620,2
DA:621,1
DA:622,1
DA:623,1
DA:628,2
DA:629,2
DA:630,2
DA:633,2
DA:636,2
DA:644,39
DA:645,39
DA:648,5
DA:651,5
DA:652,1
DA:654,5
DA:655,4
DA:660,7
DA:662,4
DA:663,4
DA:665,4
DA:666,4
DA:667,4
DA:668,5
DA:669,5
DA:670,4
DA:672,1
DA:678,4
DA:679,4
DA:682,4
DA:683,3
DA:684,3
DA:686,4
DA:687,3
DA:688,3
DA:692,4
DA:693,1
DA:695,4
DA:698,4
DA:701,4
DA:702,4
DA:703,4
DA:705,4
DA:709,34
DA:710,34
DA:712,34
DA:713,17
DA:714,17
DA:718,34
DA:719,7
DA:721,34
DA:724,34
DA:725,18
DA:726,18
DA:728,34
DA:729,18
DA:730,18
DA:734,34
DA:735,34
DA:736,34
DA:737,18
DA:738,18
DA:739,17
DA:746,34
DA:751,2
DA:756,16
DA:761,4
DA:769,2
DA:770,2
DA:771,1
DA:772,1
DA:774,2
LF:316
LH:316
BRDA:56,0,0,8
BRDA:56,0,1,1
BRDA:92,1,0,7
BRDA:92,1,1,11
BRDA:93,2,0,5
BRDA:93,2,1,13
BRDA:93,3,0,18
BRDA:93,3,1,6
BRDA:133,4,0,10
BRDA:135,5,0,2
BRDA:135,5,1,8
BRDA:141,6,0,8
BRDA:141,6,1,2
BRDA:149,7,0,5
BRDA:149,7,1,3
BRDA:152,8,0,1
BRDA:152,8,1,4
BRDA:157,9,0,5
BRDA:157,9,1,1
BRDA:158,10,0,1
BRDA:158,10,1,4
BRDA:199,11,0,3
BRDA:199,11,1,1
BRDA:244,12,0,4
BRDA:244,12,1,180
BRDA:252,13,0,4
BRDA:262,14,0,1
BRDA:262,14,1,2
BRDA:272,15,0,1
BRDA:272,15,1,1
BRDA:285,16,0,1
BRDA:285,16,1,36
BRDA:320,17,0,6
BRDA:320,17,1,1
BRDA:335,18,0,2
BRDA:339,19,0,2
BRDA:339,19,1,1
BRDA:340,20,0,2
BRDA:340,20,1,1
BRDA:356,21,0,39
BRDA:357,22,0,39
BRDA:357,22,1,2
BRDA:358,23,0,39
BRDA:358,23,1,37
BRDA:368,24,0,2
BRDA:368,24,1,16
BRDA:394,25,0,2
BRDA:394,25,1,1
BRDA:438,26,0,2
BRDA:438,26,1,2
BRDA:456,27,0,1
BRDA:456,27,1,2
BRDA:473,28,0,2
BRDA:473,28,1,3
BRDA:477,29,0,2
BRDA:477,29,1,1
BRDA:484,30,0,8
BRDA:484,30,1,5
BRDA:488,31,0,4
BRDA:488,31,1,1
BRDA:489,32,0,2
BRDA:489,32,1,2
BRDA:500,33,0,5
BRDA:500,33,1,2
BRDA:511,34,0,3
BRDA:511,34,1,4
BRDA:566,35,0,3
BRDA:566,35,1,2
BRDA:568,36,0,1
BRDA:568,36,1,1
BRDA:580,37,0,3
BRDA:580,37,1,2
BRDA:610,38,0,2
BRDA:610,38,1,6
BRDA:611,39,0,2
BRDA:611,39,1,4
BRDA:611,40,0,6
BRDA:611,40,1,2
BRDA:618,41,0,2
BRDA:618,41,1,2
BRDA:620,42,0,1
BRDA:620,42,1,1
BRDA:633,43,0,1
BRDA:633,43,1,1
BRDA:651,44,0,1
BRDA:651,44,1,4
BRDA:660,45,0,3
BRDA:660,45,1,4
BRDA:682,46,0,3
BRDA:682,46,1,1
BRDA:686,47,0,3
BRDA:686,47,1,1
BRDA:712,48,0,17
BRDA:712,48,1,17
BRDA:724,49,0,18
BRDA:724,49,1,16
BRDA:728,50,0,18
BRDA:728,50,1,16
BRDA:736,51,0,18
BRDA:736,51,1,16
BRDA:738,52,0,17
BRDA:738,52,1,1
BRF:102
BRH:102
end_of_record
TN:
SF:plugins/macrodata/src/detect-user.ts
FN:32,exec
FN:40,detectUser
FN:78,(anonymous_2)
FN:79,(anonymous_3)
FNF:4
FNH:4
FNDA:72,exec
FNDA:11,detectUser
FNDA:99,(anonymous_2)
FNDA:99,(anonymous_3)
DA:33,72
DA:34,72
DA:36,16
DA:42,11
DA:43,11
DA:46,11
DA:47,11
DA:48,1
DA:49,10
DA:50,3
DA:54,11
DA:55,11
DA:58,11
DA:59,11
DA:60,11
DA:61,3
DA:62,3
DA:63,2
DA:64,2
DA:72,11
DA:73,11
DA:77,11
DA:78,99
DA:79,99
DA:81,11
LF:25
LH:25
BRDA:43,0,0,11
BRDA:43,0,1,10
BRDA:47,1,0,1
BRDA:47,1,1,10
BRDA:49,2,0,3
BRDA:49,2,1,7
BRDA:60,3,0,3
BRDA:60,3,1,8
BRDA:62,4,0,2
BRDA:62,4,1,1
BRF:10
BRH:10
end_of_record
TN:
SF:plugins/macrodata/src/embeddings.ts
FN:47,getRemoteEmbeddingConfig
FN:74,resetEmbeddingConfigCache
FN:79,resetLocalPipelineForTests
FN:84,resolveApiKey
FN:92,embedRemote
FN:120,(anonymous_5)
FN:137,(anonymous_6)
FN:138,(anonymous_7)
FN:141,embedRemoteBatched
FN:165,getEmbeddingPipeline
FN:175,(anonymous_10)
FN:192,embedLocal
FN:220,embed
FN:229,embedQuery
FN:242,embedBatch
FN:256,preloadModel
FNF:16
FNH:16
FNDA:157,getRemoteEmbeddingConfig
FNDA:65,resetEmbeddingConfigCache
FNDA:3,resetLocalPipelineForTests
FNDA:106,resolveApiKey
FNDA:106,embedRemote
FNDA:1,(anonymous_5)
FNDA:76,(anonymous_6)
FNDA:176,(anonymous_7)
FNDA:103,embedRemoteBatched
FNDA:42,getEmbeddingPipeline
FNDA:4,(anonymous_10)
FNDA:41,embedLocal
FNDA:38,embed
FNDA:40,embedQuery
FNDA:106,embedBatch
FNDA:4,preloadModel
DA:43,17
DA:48,157
DA:51,36
DA:53,157
DA:54,157
DA:55,27
DA:56,27
DA:57,27
DA:58,27
DA:64,23
DA:67,1
DA:71,36
DA:75,65
DA:80,3
DA:81,3
DA:85,106
DA:86,2
DA:87,2
DA:89,105
DA:97,106
DA:98,106
DA:99,106
DA:101,106
DA:106,106
DA:107,99
DA:110,106
DA:119,104
DA:120,2
DA:121,2
DA:126,102
DA:130,102
DA:131,2
DA:137,100
DA:138,176
DA:146,103
DA:147,103
DA:149,103
DA:150,106
DA:151,106
DA:154,97
DA:158,17
DA:159,17
DA:166,42
DA:167,37
DA:171,5
DA:172,1
DA:175,4
DA:176,4
DA:177,4
DA:183,4
DA:184,4
DA:185,4
DA:186,4
DA:188,4
DA:193,41
DA:196,41
DA:197,41
DA:199,41
DA:200,41
DA:201,41
DA:206,41
DA:207,41
DA:208,43
DA:209,43
DA:210,43
DA:214,41
DA:221,38
DA:222,35
DA:230,40
DA:231,40
DA:232,29
DA:233,29
DA:235,11
DA:236,11
DA:243,106
DA:245,104
DA:246,104
DA:247,74
DA:249,30
DA:257,4
DA:258,3
DA:259,3
DA:261,1
LF:83
LH:83
BRDA:48,0,0,121
BRDA:48,0,1,36
BRDA:51,1,0,36
BRDA:51,1,1,9
BRDA:54,2,0,27
BRDA:54,2,1,130
BRDA:58,3,0,23
BRDA:58,3,1,4
BRDA:59,4,0,27
BRDA:59,4,1,25
BRDA:59,4,2,24
BRDA:59,4,3,23
BRDA:85,5,0,2
BRDA:85,5,1,104
BRDA:87,6,0,1
BRDA:87,6,1,1
BRDA:99,7,0,29
BRDA:99,7,1,77
BRDA:102,8,0,106
BRDA:102,8,1,14
BRDA:106,9,0,99
BRDA:106,9,1,7
BRDA:114,10,0,105
BRDA:114,10,1,1
BRDA:119,11,0,2
BRDA:119,11,1,102
BRDA:130,12,0,2
BRDA:130,12,1,100
BRDA:130,13,0,102
BRDA:130,13,1,101
BRDA:132,14,0,2
BRDA:132,14,1,1
BRDA:137,15,0,76
BRDA:137,15,1,1
BRDA:137,16,0,76
BRDA:137,16,1,1
BRDA:146,17,0,91
BRDA:146,17,1,12
BRDA:146,18,0,103
BRDA:146,18,1,91
BRDA:166,19,0,37
BRDA:166,19,1,5
BRDA:171,20,0,1
BRDA:171,20,1,4
BRDA:206,21,0,41
BRDA:206,21,1,1
BRDA:231,22,0,29
BRDA:231,22,1,11
BRDA:243,23,0,2
BRDA:243,23,1,104
BRDA:246,24,0,74
BRDA:246,24,1,30
BRDA:257,25,0,3
BRDA:257,25,1,1
BRF:54
BRH:54
end_of_record
TN:
SF:plugins/macrodata/src/index.ts
FN:70,ensureDirectories
FN:90,loadAllSchedules
FN:97,(anonymous_2)
FN:113,saveSchedule
FN:122,deleteScheduleFile
FN:137,getTodayJournalPath
FN:142,getRecentJournalEntries
FN:150,(anonymous_7)
FN:174,createServer
FN:190,(anonymous_9)
FN:232,(anonymous_10)
FN:236,(anonymous_11)
FN:262,(anonymous_12)
FN:282,(anonymous_13)
FN:320,(anonymous_14)
FN:338,(anonymous_15)
FN:339,(anonymous_16)
FN:346,(anonymous_17)
FN:347,(anonymous_18)
FN:378,(anonymous_19)
FN:406,(anonymous_20)
FN:426,(anonymous_21)
FN:451,(anonymous_22)
FN:495,(anonymous_23)
FN:498,(anonymous_24)
FN:531,(anonymous_25)
FN:554,(anonymous_26)
FN:592,(anonymous_27)
FN:611,(anonymous_28)
FN:644,main
FN:652,isRunAsMain
FNF:31
FNH:31
FNDA:8,ensureDirectories
FNDA:4,loadAllSchedules
FNDA:2,(anonymous_2)
FNDA:3,saveSchedule
FNDA:2,deleteScheduleFile
FNDA:8,getTodayJournalPath
FNDA:7,getRecentJournalEntries
FNDA:6,(anonymous_7)
FNDA:43,createServer
FNDA:5,(anonymous_9)
FNDA:4,(anonymous_10)
FNDA:2,(anonymous_11)
FNDA:4,(anonymous_12)
FNDA:3,(anonymous_13)
FNDA:12,(anonymous_14)
FNDA:2,(anonymous_15)
FNDA:1,(anonymous_16)
FNDA:2,(anonymous_17)
FNDA:1,(anonymous_18)
FNDA:3,(anonymous_19)
FNDA:4,(anonymous_20)
FNDA:2,(anonymous_21)
FNDA:3,(anonymous_22)
FNDA:3,(anonymous_23)
FNDA:2,(anonymous_24)
FNDA:4,(anonymous_25)
FNDA:2,(anonymous_26)
FNDA:4,(anonymous_27)
FNDA:3,(anonymous_28)
FNDA:1,main
FNDA:5,isRunAsMain
DA:71,8
DA:72,8
DA:81,8
DA:82,56
DA:83,6
DA:91,4
DA:92,4
DA:94,4
DA:95,4
DA:97,3
DA:98,3
DA:99,2
DA:100,2
DA:101,2
DA:110,3
DA:114,3
DA:115,3
DA:116,1
DA:118,3
DA:119,3
DA:123,2
DA:124,2
DA:126,2
DA:127,2
DA:128,1
DA:129,1
DA:134,1
DA:138,8
DA:139,8
DA:143,7
DA:144,7
DA:147,7
DA:149,6
DA:150,6
DA:154,6
DA:155,6
DA:157,5
DA:158,5
DA:160,5
DA:161,11
DA:162,10
DA:163,10
DA:170,6
DA:175,43
DA:181,43
DA:191,5
DA:193,5
DA:203,5
DA:204,5
DA:207,5
DA:208,5
DA:210,1
DA:213,5
DA:225,43
DA:233,4
DA:235,4
DA:236,2
DA:239,4
DA:241,4
DA:253,43
DA:263,4
DA:264,4
DA:270,3
DA:271,1
DA:281,2
DA:283,3
DA:284,3
DA:285,3
DA:286,3
DA:287,3
DA:291,2
DA:300,1
DA:313,43
DA:321,12
DA:322,12
DA:323,4
DA:324,3
DA:325,2
DA:329,1
DA:330,1
DA:335,8
DA:337,3
DA:338,2
DA:339,1
DA:340,3
DA:343,5
DA:345,3
DA:346,2
DA:347,1
DA:348,3
DA:352,2
DA:353,1
DA:359,2
DA:367,43
DA:379,3
DA:391,3
DA:393,3
DA:394,3
DA:406,43
DA:407,4
DA:409,4
DA:420,43
DA:427,2
DA:429,2
DA:441,43
DA:452,3
DA:454,3
DA:455,3
DA:456,3
DA:457,3
DA:458,3
DA:460,3
DA:467,3
DA:468,3
DA:471,3
DA:472,3
DA:474,1
DA:477,3
DA:489,43
DA:497,3
DA:498,3
DA:500,3
DA:501,1
DA:511,2
DA:523,43
DA:532,4
DA:534,4
DA:536,4
DA:542,3
DA:543,1
DA:554,2
DA:555,2
DA:556,2
DA:557,2
DA:562,2
DA:571,1
DA:584,43
DA:593,4
DA:595,4
DA:596,4
DA:599,1
DA:609,3
DA:611,2
DA:612,3
DA:613,3
DA:616,2
DA:618,4
DA:627,1
DA:640,43
DA:645,1
DA:646,1
DA:647,1
DA:653,5
LF:153
LH:153
BRDA:82,0,0,6
BRDA:82,0,1,50
BRDA:95,1,0,1
BRDA:95,1,1,3
BRDA:115,2,0,1
BRDA:115,2,1,2
BRDA:127,3,0,1
BRDA:127,3,1,1
BRDA:147,4,0,1
BRDA:147,4,1,6
BRDA:155,5,0,1
BRDA:155,5,1,5
BRDA:161,6,0,1
BRDA:161,6,1,10
BRDA:198,7,0,5
BRDA:198,7,1,1
BRDA:199,8,0,5
BRDA:199,8,1,1
BRDA:235,9,0,1
BRDA:235,9,1,3
BRDA:266,10,0,3
BRDA:266,10,1,1
BRDA:270,11,0,1
BRDA:270,11,1,2
BRDA:283,12,0,2
BRDA:283,12,1,1
BRDA:284,13,0,1
BRDA:284,13,1,2
BRDA:286,14,0,1
BRDA:286,14,1,2
BRDA:322,15,0,4
BRDA:322,15,1,8
BRDA:323,16,0,3
BRDA:323,16,1,1
BRDA:323,17,0,4
BRDA:323,17,1,1
BRDA:335,18,0,3
BRDA:335,18,1,5
BRDA:343,19,0,3
BRDA:343,19,1,2
BRDA:393,20,0,2
BRDA:393,20,1,1
BRDA:398,21,0,1
BRDA:398,21,1,2
BRDA:433,22,0,1
BRDA:433,22,1,1
BRDA:455,23,0,1
BRDA:455,23,1,2
BRDA:456,24,0,1
BRDA:456,24,1,2
BRDA:457,25,0,1
BRDA:457,25,1,2
BRDA:458,26,0,1
BRDA:458,26,1,2
BRDA:500,27,0,1
BRDA:500,27,1,2
BRDA:542,28,0,1
BRDA:542,28,1,2
BRDA:556,29,0,1
BRDA:556,29,1,1
BRDA:558,30,0,1
BRDA:558,30,1,1
BRDA:596,31,0,1
BRDA:596,31,1,3
BRDA:609,32,0,3
BRDA:609,32,1,3
BRDA:612,33,0,2
BRDA:612,33,1,1
BRDA:616,34,0,1
BRDA:616,34,1,1
BRDA:653,35,0,5
BRDA:653,35,1,4
BRF:72
BRH:72
end_of_record
TN:
SF:plugins/macrodata/src/indexer.ts
FN:47,getIndex
FN:79,indexItem
FN:101,indexItems
FN:105,(anonymous_3)
FN:128,searchMemory
FN:152,(anonymous_5)
FN:160,(anonymous_6)
FN:176,parseJournalForIndexing
FN:182,(anonymous_8)
FN:214,parseEntitiesForIndexing
FN:220,(anonymous_10)
FN:269,rebuildIndex
FN:300,indexJournalEntry
FN:318,getIndexStats
FN:328,indexEntityFile
FN:389,preloadModel
FNF:16
FNH:16
FNDA:53,getIndex
FNDA:10,indexItem
FNDA:21,indexItems
FNDA:37,(anonymous_3)
FNDA:15,searchMemory
FNDA:14,(anonymous_5)
FNDA:22,(anonymous_6)
FNDA:15,parseJournalForIndexing
FNDA:8,(anonymous_8)
FNDA:30,parseEntitiesForIndexing
FNDA:8,(anonymous_10)
FNDA:15,rebuildIndex
FNDA:8,indexJournalEntry
FNDA:10,getIndexStats
FNDA:7,indexEntityFile
FNDA:2,preloadModel
DA:40,3
DA:41,3
DA:48,53
DA:49,53
DA:52,53
DA:53,31
DA:54,31
DA:57,53
DA:60,34
DA:61,1
DA:64,34
DA:65,34
DA:68,34
DA:69,33
DA:70,33
DA:73,34
DA:80,10
DA:81,10
DA:83,10
DA:88,10
DA:89,10
DA:91,10
DA:102,21
DA:104,18
DA:105,37
DA:107,18
DA:108,37
DA:109,37
DA:114,37
DA:115,37
DA:117,37
DA:136,15
DA:137,15
DA:140,15
DA:141,15
DA:142,2
DA:143,2
DA:146,13
DA:147,13
DA:150,13
DA:151,13
DA:152,6
DA:153,14
DA:154,14
DA:155,11
DA:156,10
DA:160,13
DA:161,22
DA:162,22
DA:177,15
DA:178,15
DA:180,15
DA:182,13
DA:184,13
DA:185,8
DA:186,8
DA:187,8
DA:189,8
DA:190,11
DA:191,11
DA:192,11
DA:208,13
DA:215,30
DA:216,30
DA:218,30
DA:220,25
DA:222,25
DA:223,8
DA:224,8
DA:225,8
DA:228,8
DA:231,8
DA:232,7
DA:242,8
DA:243,12
DA:244,12
DA:245,12
DA:246,12
DA:248,12
DA:249,11
DA:263,25
DA:270,15
DA:271,15
DA:273,15
DA:276,15
DA:277,15
DA:280,15
DA:281,15
DA:284,15
DA:285,15
DA:288,15
DA:289,15
DA:291,15
DA:292,15
DA:294,15
DA:305,8
DA:312,8
DA:319,10
DA:320,10
DA:321,10
DA:329,7
DA:333,7
DA:334,3
DA:335,4
DA:336,3
DA:338,1
DA:339,1
DA:342,6
DA:343,6
DA:344,6
DA:345,6
DA:348,7
DA:351,7
DA:352,3
DA:362,4
DA:363,6
DA:364,6
DA:365,6
DA:366,6
DA:368,6
DA:369,5
DA:379,4
DA:380,4
DA:382,2
DA:390,2
LF:125
LH:125
BRDA:52,0,0,31
BRDA:52,0,1,22
BRDA:52,1,0,53
BRDA:52,1,1,50
BRDA:57,2,0,19
BRDA:57,2,1,34
BRDA:60,3,0,1
BRDA:60,3,1,33
BRDA:68,4,0,33
BRDA:68,4,1,1
BRDA:88,5,0,1
BRDA:88,5,1,9
BRDA:89,6,0,9
BRDA:89,6,1,1
BRDA:102,7,0,3
BRDA:102,7,1,18
BRDA:114,8,0,26
BRDA:114,8,1,11
BRDA:115,9,0,10
BRDA:115,9,1,27
BRDA:130,10,0,15
BRDA:136,11,0,15
BRDA:141,12,0,2
BRDA:141,12,1,13
BRDA:151,13,0,6
BRDA:151,13,1,7
BRDA:151,14,0,13
BRDA:151,14,1,9
BRDA:154,15,0,3
BRDA:154,15,1,11
BRDA:154,16,0,14
BRDA:154,16,1,10
BRDA:155,17,0,1
BRDA:155,17,1,10
BRDA:155,18,0,11
BRDA:155,18,1,4
BRDA:155,18,2,2
BRDA:180,19,0,2
BRDA:180,19,1,13
BRDA:218,20,0,5
BRDA:218,20,1,25
BRDA:231,21,0,7
BRDA:231,21,1,1
BRDA:248,22,0,11
BRDA:248,22,1,1
BRDA:333,23,0,3
BRDA:333,23,1,4
BRDA:335,24,0,3
BRDA:335,24,1,1
BRDA:345,25,0,2
BRDA:345,25,1,2
BRDA:351,26,0,3
BRDA:351,26,1,4
BRDA:368,27,0,5
BRDA:368,27,1,1
BRF:55
BRH:55
end_of_record
